<?xml version="1.0" encoding="UTF-8"?>
<testng-results ignored="0" total="1" passed="1" failed="0" skipped="0">
  <reporter-output>
  </reporter-output>
  <suite started-at="2023-04-18T12:09:45Z" name="Default suite" finished-at="2023-04-18T13:20:22Z" duration-ms="4237081">
    <groups>
    </groups>
    <test started-at="2023-04-18T12:09:45Z" name="Default test" finished-at="2023-04-18T13:20:22Z" duration-ms="4237081">
      <class name="testRunner.TestRunner">
        <test-method is-config="true" signature="setUP()[pri:0, instance:testRunner.TestRunner@4032d386]" started-at="2023-04-18T12:09:45Z" name="setUP" finished-at="2023-04-18T12:09:45Z" duration-ms="120" status="PASS">
          <reporter-output>
          </reporter-output>
        </test-method> <!-- setUP -->
        <test-method signature="CucumberTest(cucumber.api.testng.CucumberFeatureWrapper)[pri:0, instance:testRunner.TestRunner@4032d386]" started-at="2023-04-18T12:09:45Z" name="CucumberTest" description="BDD.Cucumber" data-provider="features" finished-at="2023-04-18T13:20:22Z" duration-ms="4236858" status="PASS">
          <params>
            <param index="0">
              <value>
                <![CDATA[To test the zocket application]]>
              </value>
            </param>
          </params>
          <reporter-output>
          </reporter-output>
        </test-method> <!-- CucumberTest -->
        <test-method is-config="true" signature="tearDown()[pri:0, instance:testRunner.TestRunner@4032d386]" started-at="2023-04-18T13:20:22Z" name="tearDown" finished-at="2023-04-18T13:20:22Z" duration-ms="43" status="PASS">
          <reporter-output>
          </reporter-output>
        </test-method> <!-- tearDown -->
      </class> <!-- testRunner.TestRunner -->
    </test> <!-- Default test -->
  </suite> <!-- Default suite -->
</testng-results>
